<?xml version="1.0" encoding="UTF-8"?>
<testng-results ignored="0" total="1" passed="1" failed="0" skipped="0">
  <reporter-output>
  </reporter-output>
  <suite started-at="2020-10-14T21:45:30 IST" name="Default suite" finished-at="2020-10-14T21:45:52 IST" duration-ms="22452">
    <groups>
    </groups>
    <test started-at="2020-10-14T21:45:30 IST" name="Default test" finished-at="2020-10-14T21:45:52 IST" duration-ms="22452">
      <class name="TestCases.LoginApplication">
        <test-method signature="loginApplication()[pri:0, instance:TestCases.LoginApplication@27305e6]" started-at="2020-10-14T21:45:30 IST" name="loginApplication" finished-at="2020-10-14T21:45:52 IST" duration-ms="22400" status="PASS">
          <reporter-output>
          </reporter-output>
        </test-method> <!-- loginApplication -->
      </class> <!-- TestCases.LoginApplication -->
    </test> <!-- Default test -->
  </suite> <!-- Default suite -->
</testng-results>
